Thu Aug 03 11:58:13 CST 2017 : Apache Derby 网络服务器 - 10.11.1.2 - (1629631) 已启动并准备接受端口 1527 上的连接
----------------------------------------------------------------
Thu Aug 03 11:58:25 CST 2017:
正在使用类加载程序 sun.misc.Launcher$AppClassLoader@6f94fa3e 引导数据库
目录 C:\Users\zx\Gitprojects\LibraryCatalogueSystem\id28198840 中的 Derby 版本 The Apache Software Foundation - Apache Derby - 10.11.1.2 - (1629631) 实例 a816c00e-015d-a63e-6750-ffffa9ec27f2
已从 file:/C:/Program%20Files/Java/jdk1.8.0_131/db/lib/derby.jar 加载
java.vendor=Oracle Corporation
java.runtime.version=1.8.0_131-b11
user.dir=C:\Program Files\Java\jdk1.8.0_131\db
os.name=Windows 10
os.arch=amd64
os.version=10.0
derby.system.home=C:\Users\zx\Gitprojects\LibraryCatalogueSystem
数据库类加载程序已启动 - derby.database.classpath=''
----------------------------------------------------------------
Thu Aug 03 12:29:25 CST 2017：正在关闭 Derby 引擎
----------------------------------------------------------------
Thu Aug 03 12:29:25 CST 2017:
正在使用类加载程序 sun.misc.Launcher$AppClassLoader@6f94fa3e 关闭数据库目录 C:\Users\zx\Gitprojects\LibraryCatalogueSystem\id28198840 上的实例 a816c00e-015d-a63e-6750-ffffa9ec27f2
----------------------------------------------------------------
